#
# There is insufficient memory for the Java Runtime Environment to continue.
# Native memory allocation (mmap) failed to map 268435456 bytes for G1 virtual space
# Possible reasons:
#   The system is out of physical RAM or swap space
#   The process is running with CompressedOops enabled, and the Java Heap may be blocking the growth of the native heap
# Possible solutions:
#   Reduce memory load on the system
#   Increase physical memory or swap space
#   Check if swap backing store is full
#   Decrease Java heap size (-Xmx/-Xms)
#   Decrease number of Java threads
#   Decrease Java thread stack sizes (-Xss)
#   Set larger code cache with -XX:ReservedCodeCacheSize=
#   JVM is running with Zero Based Compressed Oops mode in which the Java heap is
#     placed in the first 32GB address space. The Java Heap base address is the
#     maximum limit for the native heap growth. Please use -XX:HeapBaseMinAddress
#     to set the Java Heap base and to place the Java Heap above 32GB virtual address.
# This output file may be truncated or incomplete.
#
#  Out of Memory Error (os_windows.cpp:3532), pid=64204, tid=63972
#
# JRE version:  (17.0.2+8) (build )
# Java VM: OpenJDK 64-Bit Server VM (17.0.2+8, mixed mode, sharing, tiered, compressed oops, compressed class ptrs, g1 gc, windows-amd64)
# No core dump will be written. Minidumps are not enabled by default on client versions of Windows
#

---------------  S U M M A R Y ------------

Command Line: -Dfile.encoding=Cp1252 --module-path=C:\Users\timda\eclipse\kida\bin;C:\Users\timda\eclipse\kida\javafx\javafx-sdk-18.0.2\lib\javafx.base.jar;C:\Users\timda\eclipse\kida\javafx\javafx-sdk-18.0.2\lib\javafx.controls.jar;C:\Users\timda\eclipse\kida\javafx\javafx-sdk-18.0.2\lib\javafx.fxml.jar;C:\Users\timda\eclipse\kida\javafx\javafx-sdk-18.0.2\lib\javafx.graphics.jar;C:\Users\timda\eclipse\kida\javafx\javafx-sdk-18.0.2\lib\javafx.media.jar;C:\Users\timda\eclipse\kida\javafx\javafx-sdk-18.0.2\lib\javafx.swing.jar;C:\Users\timda\eclipse\kida\javafx\javafx-sdk-18.0.2\lib\javafx.web.jar;C:\Users\timda\eclipse\kida\javafx\javafx-sdk-18.0.2\lib\javafx-swt.jar -XX:+ShowCodeDetailsInExceptionMessages -Djdk.module.main=kida kida/application.Main

Host: AMD Ryzen 5 3600 6-Core Processor              , 12 cores, 15G,  Windows 11 , 64 bit Build 22000 (10.0.22000.708)
Time: Mon Aug 15 23:33:21 2022 Hora de ver. Europa Occidental elapsed time: 0.009060 seconds (0d 0h 0m 0s)

---------------  T H R E A D  ---------------

Current thread (0x000001978ae00a70):  JavaThread "Unknown thread" [_thread_in_vm, id=63972, stack(0x00000089f2a00000,0x00000089f2b00000)]

Stack: [0x00000089f2a00000,0x00000089f2b00000]
Native frames: (J=compiled Java code, j=interpreted, Vv=VM code, C=native code)
V  [jvm.dll+0x67564a]
V  [jvm.dll+0x82fc04]
V  [jvm.dll+0x8313ae]
V  [jvm.dll+0x831a13]
V  [jvm.dll+0x245235]
V  [jvm.dll+0x672539]
V  [jvm.dll+0x666e82]
V  [jvm.dll+0x30401b]
V  [jvm.dll+0x30b566]
V  [jvm.dll+0x35b1fe]
V  [jvm.dll+0x35b42f]
V  [jvm.dll+0x2daf58]
V  [jvm.dll+0x2dbec4]
V  [jvm.dll+0x801881]
V  [jvm.dll+0x368f81]
V  [jvm.dll+0x7e0cdc]
V  [jvm.dll+0x3eb8bf]
V  [jvm.dll+0x3ed441]
C  [jli.dll+0x5277]
C  [ucrtbase.dll+0x26c0c]
C  [KERNEL32.DLL+0x154e0]
C  [ntdll.dll+0x485b]


---------------  P R O C E S S  ---------------

Threads class SMR info:
_java_thread_list=0x00007ff843405e98, length=0, elements={
}

Java Threads: ( => current thread )

Other Threads:
  0x000001978ae4fb60 GCTaskThread "GC Thread#0" [stack: 0x00000089f2b00000,0x00000089f2c00000] [id=27144]
  0x000001978ae612f0 ConcurrentGCThread "G1 Main Marker" [stack: 0x00000089f2c00000,0x00000089f2d00000] [id=51432]
  0x000001978ae61d00 ConcurrentGCThread "G1 Conc#0" [stack: 0x00000089f2d00000,0x00000089f2e00000] [id=20768]

[error occurred during error reporting (printing all threads), id 0xc0000005, EXCEPTION_ACCESS_VIOLATION (0xc0000005) at pc=0x00007ff842bdb9d7]

VM state: not at safepoint (not fully initialized)

VM Mutex/Monitor currently owned by a thread:  ([mutex/lock_event])
[0x000001978adfaa80] Heap_lock - owner thread: 0x000001978ae00a70

Heap address: 0x0000000700a00000, size: 4086 MB, Compressed Oops mode: Zero based, Oop shift amount: 3

CDS archive(s) mapped at: [0x0000000000000000-0x0000000000000000-0x0000000000000000), size 0, SharedBaseAddress: 0x0000000800000000, ArchiveRelocationMode: 0.
Narrow klass base: 0x0000000000000000, Narrow klass shift: 0, Narrow klass range: 0x0

GC Precious Log:
<Empty>

Heap:
 garbage-first heap   total 0K, used 0K [0x0000000700a00000, 0x0000000800000000)
  region size 2048K, 0 young (0K), 0 survivors (0K)

[error occurred during error reporting (printing heap information), id 0xc0000005, EXCEPTION_ACCESS_VIOLATION (0xc0000005) at pc=0x00007ff842fbe899]

GC Heap History (0 events):
No events

Deoptimization events (0 events):
No events

Classes unloaded (0 events):
No events

Classes redefined (0 events):
No events

Internal exceptions (0 events):
No events

VM Operations (0 events):
No events

Events (1 events):
Event: 0.006 Loaded shared library C:\Users\timda\.p2\pool\plugins\org.eclipse.justj.openjdk.hotspot.jre.full.win32.x86_64_17.0.2.v20220201-1208\jre\bin\java.dll


Dynamic libraries:
0x00007ff65dc00000 - 0x00007ff65dc0e000 	C:\Users\timda\.p2\pool\plugins\org.eclipse.justj.openjdk.hotspot.jre.full.win32.x86_64_17.0.2.v20220201-1208\jre\bin\javaw.exe
0x00007ff8b3020000 - 0x00007ff8b3229000 	C:\Windows\SYSTEM32\ntdll.dll
0x00007ff8b1540000 - 0x00007ff8b15fd000 	C:\Windows\System32\KERNEL32.DLL
0x00007ff8b0570000 - 0x00007ff8b08ed000 	C:\Windows\System32\KERNELBASE.dll
0x00007ff8b0ae0000 - 0x00007ff8b0bf1000 	C:\Windows\System32\ucrtbase.dll
0x00007ff882640000 - 0x00007ff882659000 	C:\Users\timda\.p2\pool\plugins\org.eclipse.justj.openjdk.hotspot.jre.full.win32.x86_64_17.0.2.v20220201-1208\jre\bin\VCRUNTIME140.dll
0x00007ff882660000 - 0x00007ff882678000 	C:\Users\timda\.p2\pool\plugins\org.eclipse.justj.openjdk.hotspot.jre.full.win32.x86_64_17.0.2.v20220201-1208\jre\bin\jli.dll
0x00007ff8b1040000 - 0x00007ff8b11ed000 	C:\Windows\System32\USER32.dll
0x00007ff8a1df0000 - 0x00007ff8a2095000 	C:\Windows\WinSxS\amd64_microsoft.windows.common-controls_6595b64144ccf1df_6.0.22000.120_none_9d947278b86cc467\COMCTL32.dll
0x00007ff8b0ab0000 - 0x00007ff8b0ad6000 	C:\Windows\System32\win32u.dll
0x00007ff8b2bb0000 - 0x00007ff8b2c53000 	C:\Windows\System32\msvcrt.dll
0x00007ff8b2800000 - 0x00007ff8b2829000 	C:\Windows\System32\GDI32.dll
0x00007ff8b0990000 - 0x00007ff8b0aa8000 	C:\Windows\System32\gdi32full.dll
0x00007ff8b08f0000 - 0x00007ff8b098d000 	C:\Windows\System32\msvcp_win.dll
0x00007ff8b1d20000 - 0x00007ff8b1d51000 	C:\Windows\System32\IMM32.DLL
0x00007ff899000000 - 0x00007ff89900c000 	C:\Users\timda\.p2\pool\plugins\org.eclipse.justj.openjdk.hotspot.jre.full.win32.x86_64_17.0.2.v20220201-1208\jre\bin\vcruntime140_1.dll
0x00007ff870e30000 - 0x00007ff870ec1000 	C:\Users\timda\.p2\pool\plugins\org.eclipse.justj.openjdk.hotspot.jre.full.win32.x86_64_17.0.2.v20220201-1208\jre\bin\msvcp140.dll
0x00007ff8428f0000 - 0x00007ff843537000 	C:\Users\timda\.p2\pool\plugins\org.eclipse.justj.openjdk.hotspot.jre.full.win32.x86_64_17.0.2.v20220201-1208\jre\bin\server\jvm.dll
0x00007ff8b1600000 - 0x00007ff8b16ae000 	C:\Windows\System32\ADVAPI32.dll
0x00007ff8b1c00000 - 0x00007ff8b1c9e000 	C:\Windows\System32\sechost.dll
0x00007ff8b2520000 - 0x00007ff8b2640000 	C:\Windows\System32\RPCRT4.dll
0x00007ff8b0ec0000 - 0x00007ff8b0ec8000 	C:\Windows\System32\PSAPI.DLL
0x00007ff893ff0000 - 0x00007ff893ff9000 	C:\Windows\SYSTEM32\WSOCK32.dll
0x00007ff8a5b10000 - 0x00007ff8a5b43000 	C:\Windows\SYSTEM32\WINMM.dll
0x00007ff8a8270000 - 0x00007ff8a827a000 	C:\Windows\SYSTEM32\VERSION.dll
0x00007ff8b28c0000 - 0x00007ff8b292f000 	C:\Windows\System32\WS2_32.dll
0x00007ff8af640000 - 0x00007ff8af658000 	C:\Windows\SYSTEM32\kernel.appcore.dll
0x00007ff8a1710000 - 0x00007ff8a171a000 	C:\Users\timda\.p2\pool\plugins\org.eclipse.justj.openjdk.hotspot.jre.full.win32.x86_64_17.0.2.v20220201-1208\jre\bin\jimage.dll
0x00007ff8a67b0000 - 0x00007ff8a69d1000 	C:\Windows\SYSTEM32\DBGHELP.DLL
0x00007ff894080000 - 0x00007ff8940b1000 	C:\Windows\SYSTEM32\dbgcore.DLL
0x00007ff8b0e30000 - 0x00007ff8b0eaf000 	C:\Windows\System32\bcryptPrimitives.dll
0x00007ff89fef0000 - 0x00007ff89ff15000 	C:\Users\timda\.p2\pool\plugins\org.eclipse.justj.openjdk.hotspot.jre.full.win32.x86_64_17.0.2.v20220201-1208\jre\bin\java.dll

dbghelp: loaded successfully - version: 4.0.5 - missing functions: none
symbol engine: initialized successfully - sym options: 0x614 - pdb path: .;C:\Users\timda\.p2\pool\plugins\org.eclipse.justj.openjdk.hotspot.jre.full.win32.x86_64_17.0.2.v20220201-1208\jre\bin;C:\Windows\SYSTEM32;C:\Windows\WinSxS\amd64_microsoft.windows.common-controls_6595b64144ccf1df_6.0.22000.120_none_9d947278b86cc467;C:\Users\timda\.p2\pool\plugins\org.eclipse.justj.openjdk.hotspot.jre.full.win32.x86_64_17.0.2.v20220201-1208\jre\bin\server

VM Arguments:
jvm_args: -Dfile.encoding=Cp1252 --module-path=C:\Users\timda\eclipse\kida\bin;C:\Users\timda\eclipse\kida\javafx\javafx-sdk-18.0.2\lib\javafx.base.jar;C:\Users\timda\eclipse\kida\javafx\javafx-sdk-18.0.2\lib\javafx.controls.jar;C:\Users\timda\eclipse\kida\javafx\javafx-sdk-18.0.2\lib\javafx.fxml.jar;C:\Users\timda\eclipse\kida\javafx\javafx-sdk-18.0.2\lib\javafx.graphics.jar;C:\Users\timda\eclipse\kida\javafx\javafx-sdk-18.0.2\lib\javafx.media.jar;C:\Users\timda\eclipse\kida\javafx\javafx-sdk-18.0.2\lib\javafx.swing.jar;C:\Users\timda\eclipse\kida\javafx\javafx-sdk-18.0.2\lib\javafx.web.jar;C:\Users\timda\eclipse\kida\javafx\javafx-sdk-18.0.2\lib\javafx-swt.jar -XX:+ShowCodeDetailsInExceptionMessages -Djdk.module.main=kida 
java_command: kida/application.Main
java_class_path (initial): <not set>
Launcher Type: SUN_STANDARD

[Global flags]
     intx CICompilerCount                          = 4                                         {product} {ergonomic}
     uint ConcGCThreads                            = 3                                         {product} {ergonomic}
     uint G1ConcRefinementThreads                  = 10                                        {product} {ergonomic}
   size_t G1HeapRegionSize                         = 2097152                                   {product} {ergonomic}
    uintx GCDrainStackTargetSize                   = 64                                        {product} {ergonomic}
   size_t InitialHeapSize                          = 268435456                                 {product} {ergonomic}
   size_t MarkStackSize                            = 4194304                                   {product} {ergonomic}
   size_t MaxHeapSize                              = 4284481536                                {product} {ergonomic}
   size_t MinHeapDeltaBytes                        = 2097152                                   {product} {ergonomic}
   size_t MinHeapSize                              = 8388608                                   {product} {ergonomic}
    uintx NonNMethodCodeHeapSize                   = 5839372                                {pd product} {ergonomic}
    uintx NonProfiledCodeHeapSize                  = 122909434                              {pd product} {ergonomic}
    uintx ProfiledCodeHeapSize                     = 122909434                              {pd product} {ergonomic}
    uintx ReservedCodeCacheSize                    = 251658240                              {pd product} {ergonomic}
     bool SegmentedCodeCache                       = true                                      {product} {ergonomic}
     bool ShowCodeDetailsInExceptionMessages       = true                                   {manageable} {command line}
   size_t SoftMaxHeapSize                          = 4284481536                             {manageable} {ergonomic}
     bool UseCompressedClassPointers               = true                           {product lp64_product} {ergonomic}
     bool UseCompressedOops                        = true                           {product lp64_product} {ergonomic}
     bool UseG1GC                                  = true                                      {product} {ergonomic}
     bool UseLargePagesIndividualAllocation        = false                                  {pd product} {ergonomic}

Logging:
Log output configuration:
 #0: stdout all=warning uptime,level,tags
 #1: stderr all=off uptime,level,tags

Environment Variables:
PATH=C:/Users/timda/.p2/pool/plugins/org.eclipse.justj.openjdk.hotspot.jre.full.win32.x86_64_17.0.2.v20220201-1208/jre/bin/server;C:/Users/timda/.p2/pool/plugins/org.eclipse.justj.openjdk.hotspot.jre.full.win32.x86_64_17.0.2.v20220201-1208/jre/bin;C:\Program Files (x86)\Common Files\Oracle\Java\javapath;C:\Program Files\Python310\Scripts\;C:\Program Files\Python310\;C:\Windows\system32;C:\Windows;C:\Windows\System32\Wbem;C:\Windows\System32\WindowsPowerShell\v1.0\;C:\Windows\System32\OpenSSH\;C:\Program Files\Drivers\Bluetooth Dongle\Lenovo\;C:\Program Files\Drivers\Bluetooth Dongle\Lenovo\syswow64;C:\Program Files\VS Code\bin;C:\Program Files\nodejs\;C:\ProgramData\chocolatey\bin;C:\Program Files (x86)\NVIDIA Corporation\PhysX\Common;C:\Program Files\Git\cmd;C:\flutter;C:\flutter\bin;C:\Program Files\dotnet\;C:\Users\timda\AppData\Local\Microsoft\WindowsApps;C:\Users\timda\AppData\Roaming\npm;C:\Users\timda\AppData\Local\Programs\Fiddler;C:\flutter\bin;C:\flutter;C:\Users\timda\.dotnet\tools;C:\Windows\System32;
USERNAME=timda
OS=Windows_NT
PROCESSOR_IDENTIFIER=AMD64 Family 23 Model 113 Stepping 0, AuthenticAMD



---------------  S Y S T E M  ---------------

OS:
 Windows 11 , 64 bit Build 22000 (10.0.22000.708)
OS uptime: 5 days 8:35 hours
Hyper-V role detected

CPU: total 12 (initial active 12) (12 cores per cpu, 2 threads per core) family 23 model 113 stepping 0 microcode 0x0, cx8, cmov, fxsr, ht, mmx, 3dnowpref, sse, sse2, sse3, ssse3, sse4a, sse4.1, sse4.2, popcnt, lzcnt, tsc, tscinvbit, avx, avx2, aes, clmul, bmi1, bmi2, adx, sha, fma, vzeroupper, clflush, clflushopt, hv

Memory: 4k page, system-wide physical 16337M (2467M free)
TotalPageFile size 65489M (AvailPageFile size 191M)
current process WorkingSet (physical memory assigned to process): 10M, peak: 10M
current process commit charge ("private bytes"): 64M, peak: 320M

vm_info: OpenJDK 64-Bit Server VM (17.0.2+8) for windows-amd64 JRE (17.0.2+8), built on Jan 20 2022 04:52:34 by "" with MS VC++ 16.7 (VS2019)

END.
